<?xml version="1.0" encoding="UTF-8"?>
<testng-results skipped="0" failed="0" ignored="0" total="2" passed="2">
  <reporter-output>
  </reporter-output>
  <suite name="Suite" duration-ms="33" started-at="2019-12-23T07:58:48Z" finished-at="2019-12-23T07:58:48Z">
    <groups>
    </groups>
    <test name="Test" duration-ms="33" started-at="2019-12-23T07:58:48Z" finished-at="2019-12-23T07:58:48Z">
      <class name="com.jbk.LoginTestCase2">
        <test-method status="PASS" signature="f2()[pri:0, instance:com.jbk.LoginTestCase2@1684286]" name="f2" duration-ms="0" started-at="2019-12-23T07:58:48Z" finished-at="2019-12-23T07:58:48Z">
          <reporter-output>
          </reporter-output>
        </test-method> <!-- f2 -->
      </class> <!-- com.jbk.LoginTestCase2 -->
      <class name="com.jbk.LoginTestCase1">
        <test-method status="PASS" signature="f1()[pri:0, instance:com.jbk.LoginTestCase1@ce8af7]" name="f1" duration-ms="7" started-at="2019-12-23T07:58:48Z" finished-at="2019-12-23T07:58:48Z">
          <reporter-output>
          </reporter-output>
        </test-method> <!-- f1 -->
      </class> <!-- com.jbk.LoginTestCase1 -->
    </test> <!-- Test -->
  </suite> <!-- Suite -->
</testng-results>
