<?xml version="1.0" encoding="UTF-8"?>
<testng-results skipped="0" failed="0" ignored="0" total="2" passed="2">
  <reporter-output>
  </reporter-output>
  <suite name="Suite" duration-ms="50" started-at="2019-11-27T12:16:09Z" finished-at="2019-11-27T12:16:09Z">
    <groups>
    </groups>
    <test name="Test" duration-ms="50" started-at="2019-11-27T12:16:09Z" finished-at="2019-11-27T12:16:09Z">
      <class name="com.jbk.LoginTestCase2">
        <test-method status="PASS" signature="f2()[pri:0, instance:com.jbk.LoginTestCase2@5ca609]" name="f2" duration-ms="1" started-at="2019-11-27T12:16:09Z" finished-at="2019-11-27T12:16:09Z">
          <reporter-output>
          </reporter-output>
        </test-method> <!-- f2 -->
      </class> <!-- com.jbk.LoginTestCase2 -->
      <class name="com.jbk.LoginTestCase1">
        <test-method status="PASS" signature="f1()[pri:0, instance:com.jbk.LoginTestCase1@153acfe]" name="f1" duration-ms="15" started-at="2019-11-27T12:16:09Z" finished-at="2019-11-27T12:16:09Z">
          <reporter-output>
          </reporter-output>
        </test-method> <!-- f1 -->
      </class> <!-- com.jbk.LoginTestCase1 -->
    </test> <!-- Test -->
  </suite> <!-- Suite -->
</testng-results>
